<?xml version="1.0" encoding="UTF-8"?>
<!-- Generated by org.testng.reporters.JUnitReportReporter -->
<testsuite hostname="Vikram" name="com.axis.qa.testcases.LoginPageTest" tests="2" failures="0" timestamp="31 Mar 2020 11:45:18 GMT" time="23.848" errors="0">
  <testcase name="loginpagetitletest" time="12.716" classname="com.axis.qa.testcases.LoginPageTest"/>
  <testcase name="loginTest" time="11.132" classname="com.axis.qa.testcases.LoginPageTest"/>
</testsuite> <!-- com.axis.qa.testcases.LoginPageTest -->
