<?xml version="1.0" encoding="UTF-8"?>
<!-- Generated by org.testng.reporters.JUnitReportReporter -->
<testsuite hostname="Vikram" name="com.restAPI.RestAssuredExample" tests="1" failures="0" timestamp="28 May 2020 07:38:32 GMT" time="41.145" errors="0">
  <testcase name="postDetails" time="41.145" classname="com.restAPI.RestAssuredExample"/>
</testsuite> <!-- com.restAPI.RestAssuredExample -->
